Start testing: Aug 16 15:18 CEST
----------------------------------------------------------
1/1 Testing: n_body.t
1/1 Test: n_body.t
Command: "/home/micheleresca/n_bodies/Simulazione-di-un-sistema-a-N-corpi/build/Release/n_body.t"
Directory: /home/micheleresca/n_bodies/Simulazione-di-un-sistema-a-N-corpi/build
"n_body.t" start time: Aug 16 15:18 CEST
Output:
----------------------------------------------------------
[doctest] doctest version is "2.5.0"
[doctest] run with "--help" for options
===============================================================================
[doctest] test cases: 11 | 11 passed | 0 failed | 0 skipped
[doctest] assertions: 19 | 19 passed | 0 failed |
[doctest] Status: SUCCESS!
<end of output>
Test time =   0.00 sec
----------------------------------------------------------
Test Passed.
"n_body.t" end time: Aug 16 15:18 CEST
"n_body.t" time elapsed: 00:00:00
----------------------------------------------------------

End testing: Aug 16 15:18 CEST
